2019-03-04 at 15:14:23 CST [http-nio-8080-exec-6] INFO  control.room 118 createRoom - orxZW42jbb-muMRGl5xBi3v5Pryc---0---未说明备注信息---117ms
2019-03-04 at 15:26:21 CST [http-nio-8080-exec-2] ERROR control.room 122 createRoom - orxZW45PLy7duDyl1gKNkOfPyn4c---1000---未说明备注信息---18ms---org.springframework.dao.InvalidDataAccessApiUsageException: Target object must not be null; nested exception is java.lang.IllegalArgumentException: Target object must not be null
2019-03-04 at 15:26:26 CST [http-nio-8080-exec-10] ERROR control.room 122 createRoom - orxZW45PLy7duDyl1gKNkOfPyn4c---1000---1000---5ms---java.lang.NullPointerException
2019-03-04 at 15:26:28 CST [http-nio-8080-exec-9] ERROR control.room 122 createRoom - orxZW45PLy7duDyl1gKNkOfPyn4c---1000---1000---5ms---java.lang.NullPointerException
2019-03-04 at 15:26:28 CST [http-nio-8080-exec-8] ERROR control.room 122 createRoom - orxZW45PLy7duDyl1gKNkOfPyn4c---1000---1000---5ms---java.lang.NullPointerException
2019-03-04 at 15:26:28 CST [http-nio-8080-exec-7] ERROR control.room 122 createRoom - orxZW45PLy7duDyl1gKNkOfPyn4c---1000---1000---9ms---java.lang.NullPointerException
2019-03-04 at 15:26:29 CST [http-nio-8080-exec-6] ERROR control.room 122 createRoom - orxZW45PLy7duDyl1gKNkOfPyn4c---1000---1000---8ms---java.lang.NullPointerException
2019-03-04 at 15:26:29 CST [http-nio-8080-exec-5] ERROR control.room 122 createRoom - orxZW45PLy7duDyl1gKNkOfPyn4c---1000---1000---5ms---java.lang.NullPointerException
2019-03-04 at 15:26:29 CST [http-nio-8080-exec-4] ERROR control.room 122 createRoom - orxZW45PLy7duDyl1gKNkOfPyn4c---1000---1000---5ms---java.lang.NullPointerException
2019-03-04 at 15:26:29 CST [http-nio-8080-exec-3] ERROR control.room 122 createRoom - orxZW45PLy7duDyl1gKNkOfPyn4c---1000---1000---5ms---java.lang.NullPointerException
2019-03-04 at 15:26:29 CST [http-nio-8080-exec-2] ERROR control.room 122 createRoom - orxZW45PLy7duDyl1gKNkOfPyn4c---1000---1000---5ms---java.lang.NullPointerException
2019-03-04 at 15:26:30 CST [http-nio-8080-exec-10] ERROR control.room 122 createRoom - orxZW45PLy7duDyl1gKNkOfPyn4c---1000---1000---5ms---java.lang.NullPointerException
2019-03-04 at 15:26:30 CST [http-nio-8080-exec-8] ERROR control.room 122 createRoom - orxZW45PLy7duDyl1gKNkOfPyn4c---1000---1000---5ms---java.lang.NullPointerException
2019-03-04 at 15:26:30 CST [http-nio-8080-exec-7] ERROR control.room 122 createRoom - orxZW45PLy7duDyl1gKNkOfPyn4c---1000---1000---4ms---java.lang.NullPointerException
2019-03-04 at 15:26:33 CST [http-nio-8080-exec-5] ERROR control.room 122 createRoom - orxZW45PLy7duDyl1gKNkOfPyn4c---1000---100---5ms---java.lang.NullPointerException
2019-03-04 at 15:26:33 CST [http-nio-8080-exec-4] ERROR control.room 122 createRoom - orxZW45PLy7duDyl1gKNkOfPyn4c---1000---100---5ms---java.lang.NullPointerException
2019-03-04 at 15:26:33 CST [http-nio-8080-exec-3] ERROR control.room 122 createRoom - orxZW45PLy7duDyl1gKNkOfPyn4c---1000---100---6ms---java.lang.NullPointerException
2019-03-04 at 15:26:33 CST [http-nio-8080-exec-1] ERROR control.room 122 createRoom - orxZW45PLy7duDyl1gKNkOfPyn4c---1000---100---4ms---java.lang.NullPointerException
2019-03-04 at 15:26:33 CST [http-nio-8080-exec-2] ERROR control.room 122 createRoom - orxZW45PLy7duDyl1gKNkOfPyn4c---1000---100---4ms---java.lang.NullPointerException
2019-03-04 at 15:26:34 CST [http-nio-8080-exec-10] ERROR control.room 122 createRoom - orxZW45PLy7duDyl1gKNkOfPyn4c---1000---100---4ms---java.lang.NullPointerException
2019-03-04 at 15:26:34 CST [http-nio-8080-exec-8] ERROR control.room 122 createRoom - orxZW45PLy7duDyl1gKNkOfPyn4c---1000---100---4ms---java.lang.NullPointerException
2019-03-04 at 15:26:34 CST [http-nio-8080-exec-7] ERROR control.room 122 createRoom - orxZW45PLy7duDyl1gKNkOfPyn4c---1000---100---5ms---java.lang.NullPointerException
2019-03-04 at 15:26:34 CST [http-nio-8080-exec-6] ERROR control.room 122 createRoom - orxZW45PLy7duDyl1gKNkOfPyn4c---1000---100---5ms---java.lang.NullPointerException
2019-03-04 at 15:26:34 CST [http-nio-8080-exec-5] ERROR control.room 122 createRoom - orxZW45PLy7duDyl1gKNkOfPyn4c---1000---100---4ms---java.lang.NullPointerException
2019-03-04 at 15:26:34 CST [http-nio-8080-exec-4] ERROR control.room 122 createRoom - orxZW45PLy7duDyl1gKNkOfPyn4c---1000---100---4ms---java.lang.NullPointerException
2019-03-04 at 15:26:35 CST [http-nio-8080-exec-3] ERROR control.room 122 createRoom - orxZW45PLy7duDyl1gKNkOfPyn4c---1000---100---4ms---java.lang.NullPointerException
2019-03-04 at 15:26:35 CST [http-nio-8080-exec-1] ERROR control.room 122 createRoom - orxZW45PLy7duDyl1gKNkOfPyn4c---1000---100---4ms---java.lang.NullPointerException
2019-03-04 at 15:26:35 CST [http-nio-8080-exec-2] ERROR control.room 122 createRoom - orxZW45PLy7duDyl1gKNkOfPyn4c---1000---100---4ms---java.lang.NullPointerException
2019-03-04 at 15:26:35 CST [http-nio-8080-exec-10] ERROR control.room 122 createRoom - orxZW45PLy7duDyl1gKNkOfPyn4c---1000---100---4ms---java.lang.NullPointerException
2019-03-04 at 15:26:42 CST [http-nio-8080-exec-8] ERROR control.room 122 createRoom - orxZW45PLy7duDyl1gKNkOfPyn4c---1001---100---5ms---java.lang.NullPointerException
2019-03-04 at 15:26:42 CST [http-nio-8080-exec-7] ERROR control.room 122 createRoom - orxZW45PLy7duDyl1gKNkOfPyn4c---1001---100---5ms---java.lang.NullPointerException
2019-03-04 at 15:26:42 CST [http-nio-8080-exec-6] ERROR control.room 122 createRoom - orxZW45PLy7duDyl1gKNkOfPyn4c---1001---100---4ms---java.lang.NullPointerException
2019-03-04 at 15:26:42 CST [http-nio-8080-exec-5] ERROR control.room 122 createRoom - orxZW45PLy7duDyl1gKNkOfPyn4c---1001---100---4ms---java.lang.NullPointerException
2019-03-04 at 15:26:43 CST [http-nio-8080-exec-4] ERROR control.room 122 createRoom - orxZW45PLy7duDyl1gKNkOfPyn4c---1001---100---7ms---java.lang.NullPointerException
2019-03-04 at 15:26:43 CST [http-nio-8080-exec-3] ERROR control.room 122 createRoom - orxZW45PLy7duDyl1gKNkOfPyn4c---1001---100---4ms---java.lang.NullPointerException
2019-03-04 at 15:26:43 CST [http-nio-8080-exec-1] ERROR control.room 122 createRoom - orxZW45PLy7duDyl1gKNkOfPyn4c---1001---100---5ms---java.lang.NullPointerException
2019-03-04 at 15:26:43 CST [http-nio-8080-exec-2] ERROR control.room 122 createRoom - orxZW45PLy7duDyl1gKNkOfPyn4c---1001---100---4ms---java.lang.NullPointerException
2019-03-04 at 15:26:43 CST [http-nio-8080-exec-10] ERROR control.room 122 createRoom - orxZW45PLy7duDyl1gKNkOfPyn4c---1001---100---5ms---java.lang.NullPointerException
2019-03-04 at 15:26:43 CST [http-nio-8080-exec-9] ERROR control.room 122 createRoom - orxZW45PLy7duDyl1gKNkOfPyn4c---1001---100---4ms---java.lang.NullPointerException
2019-03-04 at 15:26:43 CST [http-nio-8080-exec-8] ERROR control.room 122 createRoom - orxZW45PLy7duDyl1gKNkOfPyn4c---1001---100---5ms---java.lang.NullPointerException
2019-03-04 at 15:26:54 CST [http-nio-8080-exec-6] ERROR control.room 122 createRoom - orxZW45PLy7duDyl1gKNkOfPyn4c---8888---100---4ms---java.lang.NullPointerException
2019-03-04 at 15:26:55 CST [http-nio-8080-exec-5] ERROR control.room 122 createRoom - orxZW45PLy7duDyl1gKNkOfPyn4c---8888---100---4ms---java.lang.NullPointerException
2019-03-04 at 15:26:55 CST [http-nio-8080-exec-4] ERROR control.room 122 createRoom - orxZW45PLy7duDyl1gKNkOfPyn4c---8888---100---5ms---java.lang.NullPointerException
2019-03-04 at 15:26:55 CST [http-nio-8080-exec-3] ERROR control.room 122 createRoom - orxZW45PLy7duDyl1gKNkOfPyn4c---8888---100---4ms---java.lang.NullPointerException
2019-03-04 at 15:26:55 CST [http-nio-8080-exec-1] ERROR control.room 122 createRoom - orxZW45PLy7duDyl1gKNkOfPyn4c---8888---100---5ms---java.lang.NullPointerException
2019-03-04 at 15:26:55 CST [http-nio-8080-exec-2] ERROR control.room 122 createRoom - orxZW45PLy7duDyl1gKNkOfPyn4c---8888---100---4ms---java.lang.NullPointerException
2019-03-04 at 15:26:55 CST [http-nio-8080-exec-10] ERROR control.room 122 createRoom - orxZW45PLy7duDyl1gKNkOfPyn4c---8888---100---4ms---java.lang.NullPointerException
2019-03-04 at 15:26:55 CST [http-nio-8080-exec-9] ERROR control.room 122 createRoom - orxZW45PLy7duDyl1gKNkOfPyn4c---8888---100---4ms---java.lang.NullPointerException
2019-03-04 at 15:50:07 CST [http-nio-8080-exec-6] ERROR control.room 122 createRoom - orxZW47--meLCzzHMZsjXHxM7ECA---1000---未说明备注信息---5ms---java.lang.NullPointerException
2019-03-04 at 15:50:11 CST [http-nio-8080-exec-5] ERROR control.room 122 createRoom - orxZW47--meLCzzHMZsjXHxM7ECA---1000---未说明备注信息---4ms---java.lang.NullPointerException
2019-03-04 at 15:50:15 CST [http-nio-8080-exec-4] ERROR control.room 122 createRoom - orxZW47--meLCzzHMZsjXHxM7ECA---1001---未说明备注信息---4ms---java.lang.NullPointerException
2019-03-04 at 15:50:16 CST [http-nio-8080-exec-1] ERROR control.room 122 createRoom - orxZW47--meLCzzHMZsjXHxM7ECA---1001---未说明备注信息---4ms---java.lang.NullPointerException
2019-03-04 at 15:50:17 CST [http-nio-8080-exec-10] ERROR control.room 122 createRoom - orxZW47--meLCzzHMZsjXHxM7ECA---1001---未说明备注信息---4ms---java.lang.NullPointerException
2019-03-04 at 15:50:35 CST [http-nio-8080-exec-7] ERROR control.room 122 createRoom - orxZW47--meLCzzHMZsjXHxM7ECA---0---未说明备注信息---4ms---java.lang.NullPointerException
2019-03-04 at 15:50:35 CST [http-nio-8080-exec-5] ERROR control.room 122 createRoom - orxZW47--meLCzzHMZsjXHxM7ECA---0---未说明备注信息---6ms---java.lang.NullPointerException
2019-03-04 at 15:50:42 CST [http-nio-8080-exec-9] ERROR control.room 122 createRoom - orxZW47--meLCzzHMZsjXHxM7ECA---6666---未说明备注信息---4ms---java.lang.NullPointerException
2019-03-04 at 15:50:45 CST [http-nio-8080-exec-7] ERROR control.room 122 createRoom - orxZW47--meLCzzHMZsjXHxM7ECA---6665---未说明备注信息---4ms---java.lang.NullPointerException
2019-03-04 at 15:50:46 CST [http-nio-8080-exec-5] ERROR control.room 122 createRoom - orxZW47--meLCzzHMZsjXHxM7ECA---6665---未说明备注信息---4ms---java.lang.NullPointerException
2019-03-04 at 15:50:46 CST [http-nio-8080-exec-3] ERROR control.room 122 createRoom - orxZW47--meLCzzHMZsjXHxM7ECA---6665---未说明备注信息---4ms---java.lang.NullPointerException
2019-03-04 at 15:50:46 CST [http-nio-8080-exec-2] ERROR control.room 122 createRoom - orxZW47--meLCzzHMZsjXHxM7ECA---6665---未说明备注信息---4ms---java.lang.NullPointerException
2019-03-04 at 15:50:47 CST [http-nio-8080-exec-9] ERROR control.room 122 createRoom - orxZW47--meLCzzHMZsjXHxM7ECA---6665---未说明备注信息---4ms---java.lang.NullPointerException
2019-03-04 at 15:50:55 CST [http-nio-8080-exec-7] ERROR control.room 122 createRoom - orxZW47--meLCzzHMZsjXHxM7ECA---0---未说明备注信息---3ms---java.lang.NullPointerException
2019-03-04 at 15:50:55 CST [http-nio-8080-exec-5] ERROR control.room 122 createRoom - orxZW47--meLCzzHMZsjXHxM7ECA---0---未说明备注信息---9ms---java.lang.NullPointerException
2019-03-04 at 15:50:56 CST [http-nio-8080-exec-3] ERROR control.room 122 createRoom - orxZW47--meLCzzHMZsjXHxM7ECA---0---未说明备注信息---5ms---java.lang.NullPointerException
2019-03-04 at 15:50:56 CST [http-nio-8080-exec-2] ERROR control.room 122 createRoom - orxZW47--meLCzzHMZsjXHxM7ECA---0---未说明备注信息---4ms---java.lang.NullPointerException
2019-03-04 at 15:50:56 CST [http-nio-8080-exec-9] ERROR control.room 122 createRoom - orxZW47--meLCzzHMZsjXHxM7ECA---0---未说明备注信息---3ms---java.lang.NullPointerException
2019-03-04 at 15:50:56 CST [http-nio-8080-exec-7] ERROR control.room 122 createRoom - orxZW47--meLCzzHMZsjXHxM7ECA---0---未说明备注信息---3ms---java.lang.NullPointerException
2019-03-04 at 15:51:32 CST [http-nio-8080-exec-2] ERROR control.room 122 createRoom - orxZW44Z8owCE9h4C8nF_Pd9Uffg---2000---计算机---3ms---java.lang.NullPointerException
2019-03-04 at 15:51:35 CST [http-nio-8080-exec-10] ERROR control.room 122 createRoom - orxZW44Z8owCE9h4C8nF_Pd9Uffg---2000---计算机---4ms---java.lang.NullPointerException
2019-03-04 at 15:51:37 CST [http-nio-8080-exec-7] ERROR control.room 122 createRoom - orxZW44Z8owCE9h4C8nF_Pd9Uffg---2000---计算机---4ms---java.lang.NullPointerException
2019-03-04 at 15:51:37 CST [http-nio-8080-exec-6] ERROR control.room 122 createRoom - orxZW44Z8owCE9h4C8nF_Pd9Uffg---2000---计算机---4ms---java.lang.NullPointerException
2019-03-04 at 15:52:20 CST [http-nio-8080-exec-3] ERROR control.room 122 createRoom - orxZW44Z8owCE9h4C8nF_Pd9Uffg---2000---计算机---4ms---java.lang.NullPointerException
2019-03-04 at 15:52:30 CST [http-nio-8080-exec-10] ERROR control.room 122 createRoom - orxZW44Z8owCE9h4C8nF_Pd9Uffg---2000---计算机---3ms---java.lang.NullPointerException
2019-03-04 at 15:52:30 CST [http-nio-8080-exec-8] ERROR control.room 122 createRoom - orxZW44Z8owCE9h4C8nF_Pd9Uffg---2000---计算机---4ms---java.lang.NullPointerException
2019-03-04 at 15:52:53 CST [http-nio-8080-exec-1] ERROR control.room 122 createRoom - orxZW44Z8owCE9h4C8nF_Pd9Uffg---0---计算机---4ms---java.lang.NullPointerException
2019-03-04 at 15:52:53 CST [http-nio-8080-exec-2] ERROR control.room 122 createRoom - orxZW44Z8owCE9h4C8nF_Pd9Uffg---0---计算机---4ms---java.lang.NullPointerException
2019-03-04 at 15:52:54 CST [http-nio-8080-exec-9] ERROR control.room 122 createRoom - orxZW44Z8owCE9h4C8nF_Pd9Uffg---0---计算机---4ms---java.lang.NullPointerException
2019-03-04 at 15:52:54 CST [http-nio-8080-exec-7] ERROR control.room 122 createRoom - orxZW44Z8owCE9h4C8nF_Pd9Uffg---0---计算机---5ms---java.lang.NullPointerException
2019-03-04 at 15:52:54 CST [http-nio-8080-exec-6] ERROR control.room 122 createRoom - orxZW44Z8owCE9h4C8nF_Pd9Uffg---0---计算机---4ms---java.lang.NullPointerException
2019-03-04 at 15:52:54 CST [http-nio-8080-exec-3] ERROR control.room 122 createRoom - orxZW44Z8owCE9h4C8nF_Pd9Uffg---0---计算机---4ms---java.lang.NullPointerException
2019-03-04 at 15:52:54 CST [http-nio-8080-exec-2] ERROR control.room 122 createRoom - orxZW44Z8owCE9h4C8nF_Pd9Uffg---0---计算机---4ms---java.lang.NullPointerException
2019-03-04 at 15:52:54 CST [http-nio-8080-exec-9] ERROR control.room 122 createRoom - orxZW44Z8owCE9h4C8nF_Pd9Uffg---0---计算机---4ms---java.lang.NullPointerException
2019-03-04 at 15:52:55 CST [http-nio-8080-exec-5] ERROR control.room 122 createRoom - orxZW44Z8owCE9h4C8nF_Pd9Uffg---0---计算机---4ms---java.lang.NullPointerException
2019-03-04 at 15:52:55 CST [http-nio-8080-exec-6] ERROR control.room 122 createRoom - orxZW44Z8owCE9h4C8nF_Pd9Uffg---0---计算机---4ms---java.lang.NullPointerException
2019-03-04 at 15:52:55 CST [http-nio-8080-exec-1] ERROR control.room 122 createRoom - orxZW44Z8owCE9h4C8nF_Pd9Uffg---0---计算机---4ms---java.lang.NullPointerException
2019-03-04 at 15:52:55 CST [http-nio-8080-exec-10] ERROR control.room 122 createRoom - orxZW44Z8owCE9h4C8nF_Pd9Uffg---0---计算机---4ms---java.lang.NullPointerException
2019-03-04 at 16:01:51 CST [http-nio-8080-exec-2] ERROR control.room 122 createRoom - orxZW47--meLCzzHMZsjXHxM7ECA---0---未说明备注信息---4ms---java.lang.NullPointerException
2019-03-04 at 16:02:40 CST [http-nio-8080-exec-7] ERROR control.room 122 createRoom - orxZW44Z8owCE9h4C8nF_Pd9Uffg---3000---计算机---5ms---java.lang.NullPointerException
2019-03-04 at 16:02:41 CST [http-nio-8080-exec-5] ERROR control.room 122 createRoom - orxZW44Z8owCE9h4C8nF_Pd9Uffg---3000---计算机---4ms---java.lang.NullPointerException
2019-03-04 at 16:02:44 CST [http-nio-8080-exec-6] ERROR control.room 122 createRoom - orxZW44Z8owCE9h4C8nF_Pd9Uffg---3000---计算机---4ms---java.lang.NullPointerException
2019-03-04 at 16:02:44 CST [http-nio-8080-exec-4] ERROR control.room 122 createRoom - orxZW44Z8owCE9h4C8nF_Pd9Uffg---3000---计算机---4ms---java.lang.NullPointerException
2019-03-04 at 16:02:45 CST [http-nio-8080-exec-2] ERROR control.room 122 createRoom - orxZW44Z8owCE9h4C8nF_Pd9Uffg---3000---计算机---3ms---java.lang.NullPointerException
2019-03-04 at 16:03:01 CST [http-nio-8080-exec-2] ERROR control.room 122 createRoom - orxZW4xUmWj6ffgCetYy95at7D5E---1001---计算机---3ms---java.lang.NullPointerException
2019-03-04 at 16:03:03 CST [http-nio-8080-exec-9] ERROR control.room 122 createRoom - orxZW4xUmWj6ffgCetYy95at7D5E---1001---计算机---3ms---java.lang.NullPointerException
2019-03-04 at 16:03:03 CST [http-nio-8080-exec-7] ERROR control.room 122 createRoom - orxZW4xUmWj6ffgCetYy95at7D5E---1001---计算机---4ms---java.lang.NullPointerException
2019-03-04 at 16:03:04 CST [http-nio-8080-exec-5] ERROR control.room 122 createRoom - orxZW4xUmWj6ffgCetYy95at7D5E---1001---计算机---4ms---java.lang.NullPointerException
2019-03-04 at 16:03:04 CST [http-nio-8080-exec-6] ERROR control.room 122 createRoom - orxZW4xUmWj6ffgCetYy95at7D5E---1001---计算机---3ms---java.lang.NullPointerException
2019-03-04 at 16:03:04 CST [http-nio-8080-exec-4] ERROR control.room 122 createRoom - orxZW4xUmWj6ffgCetYy95at7D5E---1001---计算机---4ms---java.lang.NullPointerException
2019-03-04 at 16:07:02 CST [http-nio-8080-exec-6] ERROR control.room 122 createRoom - orxZW4x_HqGw-FyZbvcirIKPoeIo---0---111---4ms---java.lang.NullPointerException
2019-03-04 at 16:07:05 CST [http-nio-8080-exec-4] ERROR control.room 122 createRoom - orxZW4x_HqGw-FyZbvcirIKPoeIo---0---111---3ms---java.lang.NullPointerException
2019-03-04 at 16:07:06 CST [http-nio-8080-exec-3] ERROR control.room 122 createRoom - orxZW4x_HqGw-FyZbvcirIKPoeIo---0---111---4ms---java.lang.NullPointerException
2019-03-04 at 16:07:07 CST [http-nio-8080-exec-10] ERROR control.room 122 createRoom - orxZW4x_HqGw-FyZbvcirIKPoeIo---0---111---3ms---java.lang.NullPointerException
2019-03-04 at 16:07:07 CST [http-nio-8080-exec-2] ERROR control.room 122 createRoom - orxZW4x_HqGw-FyZbvcirIKPoeIo---0---111---4ms---java.lang.NullPointerException
2019-03-04 at 16:07:07 CST [http-nio-8080-exec-9] ERROR control.room 122 createRoom - orxZW4x_HqGw-FyZbvcirIKPoeIo---0---111---4ms---java.lang.NullPointerException
2019-03-04 at 16:07:08 CST [http-nio-8080-exec-7] ERROR control.room 122 createRoom - orxZW4x_HqGw-FyZbvcirIKPoeIo---0---111---4ms---java.lang.NullPointerException
2019-03-04 at 16:07:08 CST [http-nio-8080-exec-6] ERROR control.room 122 createRoom - orxZW4x_HqGw-FyZbvcirIKPoeIo---0---111---4ms---java.lang.NullPointerException
