2019-03-04 at 15:08:58 CST [http-nio-8080-exec-2] INFO  control.user 139 getopenid - orxZW4wIexfRqeCXJi-0vzLVNJuI---905---1436ms
2019-03-04 at 15:09:02 CST [http-nio-8080-exec-10] INFO  control.user 139 getopenid - orxZW4wIexfRqeCXJi-0vzLVNJuI---118---164ms
2019-03-04 at 15:09:04 CST [http-nio-8080-exec-9] INFO  control.user 139 getopenid - orxZW47kheKCWtQRP45a-5l5XitQ---177---186ms
2019-03-04 at 15:09:24 CST [http-nio-8080-exec-6] INFO  control.user 139 getopenid - orxZW40HVbGQTr2OqE1Bfne8r1z4---241---247ms
2019-03-04 at 15:09:49 CST [http-nio-8080-exec-2] INFO  control.user 139 getopenid - orxZW45PLy7duDyl1gKNkOfPyn4c---260---277ms
2019-03-04 at 15:09:55 CST [http-nio-8080-exec-10] INFO  control.user 139 getopenid - orxZW47kheKCWtQRP45a-5l5XitQ---295---302ms
2019-03-04 at 15:10:14 CST [http-nio-8080-exec-6] INFO  control.user 139 getopenid - orxZW47--meLCzzHMZsjXHxM7ECA---248---256ms
2019-03-04 at 15:10:18 CST [http-nio-8080-exec-1] INFO  control.user 139 getopenid - orxZW42jbb-muMRGl5xBi3v5Pryc---142---152ms
2019-03-04 at 15:10:28 CST [http-nio-8080-exec-9] INFO  control.user 139 getopenid - orxZW4wIexfRqeCXJi-0vzLVNJuI---188---192ms
2019-03-04 at 15:10:32 CST [http-nio-8080-exec-7] INFO  control.user 139 getopenid - orxZW44Z8owCE9h4C8nF_Pd9Uffg---115---124ms
2019-03-04 at 15:10:34 CST [http-nio-8080-exec-6] INFO  control.user 174 schoolId - orxZW47--meLCzzHMZsjXHxM7ECA---15010501006---王斐然---9ms
2019-03-04 at 15:11:19 CST [http-nio-8080-exec-1] INFO  control.user 139 getopenid - orxZW4wIexfRqeCXJi-0vzLVNJuI---215---220ms
2019-03-04 at 15:12:05 CST [http-nio-8080-exec-1] INFO  control.user 139 getopenid - orxZW4wIexfRqeCXJi-0vzLVNJuI---243---247ms
2019-03-04 at 15:12:46 CST [http-nio-8080-exec-9] INFO  control.user 139 getopenid - orxZW4wIexfRqeCXJi-0vzLVNJuI---216---219ms
2019-03-04 at 15:12:57 CST [http-nio-8080-exec-7] INFO  control.user 139 getopenid - orxZW4wIexfRqeCXJi-0vzLVNJuI---212---216ms
2019-03-04 at 15:13:33 CST [http-nio-8080-exec-5] INFO  control.user 139 getopenid - orxZW47kheKCWtQRP45a-5l5XitQ---262---268ms
2019-03-04 at 15:14:02 CST [http-nio-8080-exec-3] INFO  control.user 139 getopenid - orxZW47kheKCWtQRP45a-5l5XitQ---310---314ms
2019-03-04 at 15:14:13 CST [http-nio-8080-exec-1] INFO  control.user 139 getopenid - orxZW4wIexfRqeCXJi-0vzLVNJuI---280---286ms
2019-03-04 at 15:14:13 CST [http-nio-8080-exec-10] INFO  control.user 139 getopenid - orxZW4wIexfRqeCXJi-0vzLVNJuI---152---155ms
2019-03-04 at 15:14:16 CST [http-nio-8080-exec-8] INFO  control.user 139 getopenid - orxZW4wIexfRqeCXJi-0vzLVNJuI---142---145ms
2019-03-04 at 15:15:10 CST [http-nio-8080-exec-4] INFO  control.user 139 getopenid - orxZW4wIexfRqeCXJi-0vzLVNJuI---215---219ms
2019-03-04 at 15:15:57 CST [http-nio-8080-exec-9] INFO  control.user 139 getopenid - orxZW42jbb-muMRGl5xBi3v5Pryc---232---237ms
2019-03-04 at 15:31:39 CST [http-nio-8080-exec-9] INFO  control.user 139 getopenid - orxZW45PLy7duDyl1gKNkOfPyn4c---275---283ms
2019-03-04 at 15:36:34 CST [http-nio-8080-exec-4] INFO  control.user 139 getopenid - orxZW40HVbGQTr2OqE1Bfne8r1z4---272---278ms
2019-03-04 at 15:48:29 CST [http-nio-8080-exec-10] INFO  control.user 139 getopenid - orxZW46HLtvIMzjrJ-oE07aQ80wA---232---239ms
2019-03-04 at 15:48:29 CST [http-nio-8080-exec-9] INFO  control.user 139 getopenid - orxZW42jbb-muMRGl5xBi3v5Pryc---202---207ms
2019-03-04 at 15:48:35 CST [http-nio-8080-exec-8] INFO  control.user 139 getopenid - orxZW47kheKCWtQRP45a-5l5XitQ---209---215ms
2019-03-04 at 15:48:37 CST [http-nio-8080-exec-7] INFO  control.user 139 getopenid - orxZW4wIexfRqeCXJi-0vzLVNJuI---119---124ms
2019-03-04 at 15:48:57 CST [http-nio-8080-exec-4] INFO  control.user 139 getopenid - orxZW47kheKCWtQRP45a-5l5XitQ---262---265ms
2019-03-04 at 15:49:19 CST [http-nio-8080-exec-1] INFO  control.user 139 getopenid - orxZW47--meLCzzHMZsjXHxM7ECA---197---203ms
2019-03-04 at 15:50:01 CST [http-nio-8080-exec-7] INFO  control.user 139 getopenid - orxZW44Z8owCE9h4C8nF_Pd9Uffg---227---232ms
2019-03-04 at 15:50:21 CST [http-nio-8080-exec-8] INFO  control.user 139 getopenid - orxZW4x_HqGw-FyZbvcirIKPoeIo---194---201ms
2019-03-04 at 15:50:38 CST [http-nio-8080-exec-1] INFO  control.user 139 getopenid - orxZW45PLy7duDyl1gKNkOfPyn4c---292---297ms
2019-03-04 at 15:51:37 CST [http-nio-8080-exec-8] INFO  control.user 139 getopenid - orxZW45zwzo4ykal-PLBS4TCc-eg---233---238ms
2019-03-04 at 15:52:17 CST [http-nio-8080-exec-4] INFO  control.user 139 getopenid - orxZW4xUmWj6ffgCetYy95at7D5E---291---298ms
2019-03-04 at 15:53:02 CST [http-nio-8080-exec-6] INFO  control.user 139 getopenid - orxZW45PLy7duDyl1gKNkOfPyn4c---298---302ms
2019-03-04 at 15:53:03 CST [http-nio-8080-exec-4] INFO  control.user 139 getopenid - orxZW4xUmWj6ffgCetYy95at7D5E---179---185ms
2019-03-04 at 16:00:52 CST [http-nio-8080-exec-5] INFO  control.user 139 getopenid - orxZW4wIexfRqeCXJi-0vzLVNJuI---251---260ms
2019-03-04 at 16:00:55 CST [http-nio-8080-exec-1] INFO  control.user 139 getopenid - orxZW4wIexfRqeCXJi-0vzLVNJuI---373---376ms
2019-03-04 at 16:01:45 CST [http-nio-8080-exec-6] INFO  control.user 139 getopenid - orxZW4wIexfRqeCXJi-0vzLVNJuI---174---176ms
2019-03-04 at 16:01:49 CST [http-nio-8080-exec-3] INFO  control.user 139 getopenid - orxZW4wIexfRqeCXJi-0vzLVNJuI---101---104ms
2019-03-04 at 16:02:02 CST [http-nio-8080-exec-8] INFO  control.user 139 getopenid - orxZW42jbb-muMRGl5xBi3v5Pryc---231---236ms
2019-03-04 at 16:02:02 CST [http-nio-8080-exec-7] INFO  control.user 139 getopenid - orxZW46HLtvIMzjrJ-oE07aQ80wA---136---141ms
2019-03-04 at 16:02:05 CST [http-nio-8080-exec-5] INFO  control.user 139 getopenid - orxZW46HLtvIMzjrJ-oE07aQ80wA---113---116ms
2019-03-04 at 16:02:06 CST [http-nio-8080-exec-4] INFO  control.user 139 getopenid - orxZW4wIexfRqeCXJi-0vzLVNJuI---115---118ms
2019-03-04 at 16:02:06 CST [http-nio-8080-exec-3] INFO  control.user 139 getopenid - orxZW42jbb-muMRGl5xBi3v5Pryc---132---135ms
2019-03-04 at 16:02:07 CST [http-nio-8080-exec-1] INFO  control.user 139 getopenid - orxZW46HLtvIMzjrJ-oE07aQ80wA---138---141ms
2019-03-04 at 16:02:10 CST [http-nio-8080-exec-10] INFO  control.user 139 getopenid - orxZW46HLtvIMzjrJ-oE07aQ80wA---131---133ms
2019-03-04 at 16:02:11 CST [http-nio-8080-exec-9] INFO  control.user 139 getopenid - orxZW42jbb-muMRGl5xBi3v5Pryc---112---115ms
2019-03-04 at 16:02:16 CST [http-nio-8080-exec-8] INFO  control.user 139 getopenid - orxZW4x_HqGw-FyZbvcirIKPoeIo---115---120ms
2019-03-04 at 16:02:17 CST [http-nio-8080-exec-7] INFO  control.user 139 getopenid - orxZW46HLtvIMzjrJ-oE07aQ80wA---119---122ms
2019-03-04 at 16:02:18 CST [http-nio-8080-exec-5] INFO  control.user 139 getopenid - orxZW4x_HqGw-FyZbvcirIKPoeIo---116---118ms
2019-03-04 at 16:02:20 CST [http-nio-8080-exec-6] INFO  control.user 139 getopenid - orxZW47kheKCWtQRP45a-5l5XitQ---152---157ms
2019-03-04 at 16:02:30 CST [http-nio-8080-exec-3] INFO  control.user 174 schoolId - orxZW44Z8owCE9h4C8nF_Pd9Uffg---1555010201---程要勇---9ms
2019-03-04 at 16:02:30 CST [http-nio-8080-exec-1] INFO  control.user 139 getopenid - orxZW47kheKCWtQRP45a-5l5XitQ---289---291ms
2019-03-04 at 16:02:34 CST [http-nio-8080-exec-10] INFO  control.user 139 getopenid - orxZW47kheKCWtQRP45a-5l5XitQ---178---180ms
2019-03-04 at 16:02:35 CST [http-nio-8080-exec-9] INFO  control.user 174 schoolId - orxZW4xUmWj6ffgCetYy95at7D5E---1505020314---陈志洁---8ms
2019-03-04 at 16:02:46 CST [http-nio-8080-exec-7] INFO  control.user 139 getopenid - orxZW47kheKCWtQRP45a-5l5XitQ---250---253ms
2019-03-04 at 16:02:52 CST [http-nio-8080-exec-7] INFO  control.user 139 getopenid - orxZW4wIexfRqeCXJi-0vzLVNJuI---230---232ms
2019-03-04 at 16:03:01 CST [http-nio-8080-exec-1] INFO  control.user 139 getopenid - orxZW47kheKCWtQRP45a-5l5XitQ---276---278ms
2019-03-04 at 16:03:05 CST [http-nio-8080-exec-2] INFO  control.user 139 getopenid - orxZW47kheKCWtQRP45a-5l5XitQ---166---169ms
2019-03-04 at 16:04:35 CST [http-nio-8080-exec-4] INFO  control.user 139 getopenid - orxZW47kheKCWtQRP45a-5l5XitQ---292---296ms
2019-03-04 at 16:06:06 CST [http-nio-8080-exec-7] INFO  control.user 139 getopenid - orxZW4x_HqGw-FyZbvcirIKPoeIo---243---247ms
2019-03-04 at 16:09:27 CST [http-nio-8080-exec-4] INFO  control.user 139 getopenid - orxZW4x_HqGw-FyZbvcirIKPoeIo---223---227ms
2019-03-04 at 16:09:30 CST [http-nio-8080-exec-3] INFO  control.user 139 getopenid - orxZW4x_HqGw-FyZbvcirIKPoeIo---140---143ms
2019-03-04 at 16:21:18 CST [http-nio-8080-exec-2] INFO  control.user 139 getopenid - orxZW4x_HqGw-FyZbvcirIKPoeIo---227---232ms
2019-03-04 at 16:23:35 CST [http-nio-8080-exec-8] INFO  control.user 139 getopenid - orxZW45PLy7duDyl1gKNkOfPyn4c---316---321ms
2019-03-04 at 16:31:35 CST [http-nio-8080-exec-6] INFO  control.user 139 getopenid - orxZW4_NRdAh-WC6HXTbg8CQKoNY---236---246ms
2019-03-04 at 17:27:01 CST [http-nio-8080-exec-3] INFO  control.user 139 getopenid - orxZW427OrAj_r2qZhaM0xE-edRE---253---262ms
2019-03-04 at 17:44:50 CST [http-nio-8080-exec-9] INFO  control.user 139 getopenid - orxZW4wIexfRqeCXJi-0vzLVNJuI---228---238ms
2019-03-04 at 19:57:39 CST [http-nio-8080-exec-1] INFO  control.user 139 getopenid - orxZW4w9xz7gBLXnpAIjsFmO_49w---273---301ms
